2024-06-21 10:16:20 - Starting SmarthomeApplication using Java 11.0.17 on DESKTOP-33SVC3J with PID 27252 (C:\Users\dsct\Documents\smarthome\build\classes\java\main started by dsct in C:\Users\dsct\Documents\smarthome)
2024-06-21 10:16:20 - No active profile set, falling back to 1 default profile: "default"
2024-06-21 10:16:24 - Tomcat initialized with port(s): 8888 (http)
2024-06-21 10:16:24 - Initializing ProtocolHandler ["http-nio-8888"]
2024-06-21 10:16:24 - Starting service [Tomcat]
2024-06-21 10:16:24 - Starting Servlet engine: [Apache Tomcat/9.0.64]
2024-06-21 10:16:24 - Initializing Spring embedded WebApplicationContext
2024-06-21 10:16:24 - Root WebApplicationContext: initialization completed in 3324 ms
2024-06-21 10:16:24 - Driver class com.mysql.cj.jdbc.Driver found in Thread context class loader jdk.internal.loader.ClassLoaders$AppClassLoader@5b37e0d2
2024-06-21 10:16:25 - ControllerAdvice beans: 0 @ModelAttribute, 0 @InitBinder, 1 RequestBodyAdvice, 1 ResponseBodyAdvice
2024-06-21 10:16:25 - 11 mappings in 'requestMappingHandlerMapping'
2024-06-21 10:16:25 - Patterns [/webjars/**, /**] in 'resourceHandlerMapping'
2024-06-21 10:16:25 - ControllerAdvice beans: 1 @ExceptionHandler, 1 ResponseBodyAdvice
2024-06-21 10:16:25 - Cannot find template location: classpath:/templates/ (please add some templates or check your Thymeleaf configuration)
2024-06-21 10:16:26 - Starting ProtocolHandler ["http-nio-8888"]
2024-06-21 10:16:26 - Tomcat started on port(s): 8888 (http) with context path ''
2024-06-21 10:16:26 - Started SmarthomeApplication in 6.446 seconds (JVM running for 7.213)
2024-06-21 10:17:51 - Starting SmarthomeApplication using Java 11.0.17 on DESKTOP-33SVC3J with PID 18188 (C:\Users\dsct\Documents\smarthome\build\classes\java\main started by dsct in C:\Users\dsct\Documents\smarthome)
2024-06-21 10:17:51 - No active profile set, falling back to 1 default profile: "default"
2024-06-21 10:17:54 - Tomcat initialized with port(s): 8888 (http)
2024-06-21 10:17:54 - Initializing ProtocolHandler ["http-nio-8888"]
2024-06-21 10:17:54 - Starting service [Tomcat]
2024-06-21 10:17:54 - Starting Servlet engine: [Apache Tomcat/9.0.64]
2024-06-21 10:17:54 - Initializing Spring embedded WebApplicationContext
2024-06-21 10:17:54 - Root WebApplicationContext: initialization completed in 3277 ms
2024-06-21 10:17:54 - Driver class com.mysql.cj.jdbc.Driver found in Thread context class loader jdk.internal.loader.ClassLoaders$AppClassLoader@5b37e0d2
2024-06-21 10:17:55 - ControllerAdvice beans: 0 @ModelAttribute, 0 @InitBinder, 1 RequestBodyAdvice, 1 ResponseBodyAdvice
2024-06-21 10:17:55 - 11 mappings in 'requestMappingHandlerMapping'
2024-06-21 10:17:55 - Patterns [/webjars/**, /**] in 'resourceHandlerMapping'
2024-06-21 10:17:55 - ControllerAdvice beans: 1 @ExceptionHandler, 1 ResponseBodyAdvice
2024-06-21 10:17:55 - Cannot find template location: classpath:/templates/ (please add some templates or check your Thymeleaf configuration)
2024-06-21 10:17:56 - Starting ProtocolHandler ["http-nio-8888"]
2024-06-21 10:17:56 - Tomcat started on port(s): 8888 (http) with context path ''
2024-06-21 10:17:56 - Started SmarthomeApplication in 6.304 seconds (JVM running for 7.155)
2024-06-21 13:13:07 - Starting SmarthomeApplication using Java 11.0.17 on DESKTOP-33SVC3J with PID 27716 (C:\Users\dsct\Documents\smarthome\build\classes\java\main started by dsct in C:\Users\dsct\Documents\smarthome)
2024-06-21 13:13:07 - No active profile set, falling back to 1 default profile: "default"
2024-06-21 13:13:09 - Multiple Spring Data modules found, entering strict repository configuration mode
2024-06-21 13:13:09 - Bootstrapping Spring Data Redis repositories in DEFAULT mode.
2024-06-21 13:13:09 - Finished Spring Data repository scanning in 8 ms. Found 0 Redis repository interfaces.
2024-06-21 13:13:09 - Multiple Spring Data modules found, entering strict repository configuration mode
2024-06-21 13:13:09 - Bootstrapping Spring Data Redis repositories in DEFAULT mode.
2024-06-21 13:13:09 - Finished Spring Data repository scanning in 7 ms. Found 0 Redis repository interfaces.
2024-06-21 13:13:11 - Tomcat initialized with port(s): 8888 (http)
2024-06-21 13:13:11 - Initializing ProtocolHandler ["http-nio-8888"]
2024-06-21 13:13:11 - Starting service [Tomcat]
2024-06-21 13:13:11 - Starting Servlet engine: [Apache Tomcat/9.0.64]
2024-06-21 13:13:11 - Initializing Spring embedded WebApplicationContext
2024-06-21 13:13:11 - Root WebApplicationContext: initialization completed in 3459 ms
2024-06-21 13:13:11 - Driver class com.mysql.cj.jdbc.Driver found in Thread context class loader jdk.internal.loader.ClassLoaders$AppClassLoader@5b37e0d2
2024-06-21 13:13:14 - ControllerAdvice beans: 0 @ModelAttribute, 0 @InitBinder, 1 RequestBodyAdvice, 1 ResponseBodyAdvice
2024-06-21 13:13:14 - 10 mappings in 'requestMappingHandlerMapping'
2024-06-21 13:13:14 - Patterns [/webjars/**, /**] in 'resourceHandlerMapping'
2024-06-21 13:13:14 - ControllerAdvice beans: 1 @ExceptionHandler, 1 ResponseBodyAdvice
2024-06-21 13:13:14 - Cannot find template location: classpath:/templates/ (please add some templates or check your Thymeleaf configuration)
2024-06-21 13:13:14 - Starting ProtocolHandler ["http-nio-8888"]
2024-06-21 13:13:14 - Tomcat started on port(s): 8888 (http) with context path ''
2024-06-21 13:13:14 - Started SmarthomeApplication in 7.645 seconds (JVM running for 8.345)
2024-06-21 13:13:14 - Flushing all data from Redis on application startup...
2024-06-21 13:13:15 - Flush complete.
