2024-12-17 14:10:25 - Starting SmarthomeApplication using Java 11.0.17 on DESKTOP-33SVC3J with PID 22152 (C:\Users\dsct\Documents\smarthome\build\classes\java\main started by dsct in C:\Users\dsct\Documents\smarthome)
2024-12-17 14:10:25 - No active profile set, falling back to 1 default profile: "default"
2024-12-17 14:10:42 - Starting SmarthomeApplication using Java 11.0.17 on DESKTOP-33SVC3J with PID 25760 (C:\Users\dsct\Documents\smarthome\build\classes\java\main started by dsct in C:\Users\dsct\Documents\smarthome)
2024-12-17 14:10:42 - No active profile set, falling back to 1 default profile: "default"
2024-12-17 14:10:45 - Multiple Spring Data modules found, entering strict repository configuration mode
2024-12-17 14:10:45 - Bootstrapping Spring Data Redis repositories in DEFAULT mode.
2024-12-17 14:10:45 - Finished Spring Data repository scanning in 14 ms. Found 0 Redis repository interfaces.
2024-12-17 14:10:46 - Multiple Spring Data modules found, entering strict repository configuration mode
2024-12-17 14:10:46 - Bootstrapping Spring Data Redis repositories in DEFAULT mode.
2024-12-17 14:10:46 - Finished Spring Data repository scanning in 21 ms. Found 0 Redis repository interfaces.
2024-12-17 14:10:49 - Tomcat initialized with port(s): 8888 (http)
2024-12-17 14:10:49 - Initializing ProtocolHandler ["http-nio-8888"]
2024-12-17 14:10:49 - Starting service [Tomcat]
2024-12-17 14:10:49 - Starting Servlet engine: [Apache Tomcat/9.0.64]
2024-12-17 14:10:50 - Initializing Spring embedded WebApplicationContext
2024-12-17 14:10:50 - Root WebApplicationContext: initialization completed in 6822 ms
2024-12-17 14:10:54 - ControllerAdvice beans: 0 @ModelAttribute, 0 @InitBinder, 1 RequestBodyAdvice, 1 ResponseBodyAdvice
2024-12-17 14:10:54 - 10 mappings in 'requestMappingHandlerMapping'
2024-12-17 14:10:54 - Patterns [/webjars/**, /**] in 'resourceHandlerMapping'
2024-12-17 14:10:55 - ControllerAdvice beans: 1 @ExceptionHandler, 1 ResponseBodyAdvice
2024-12-17 14:10:55 - Cannot find template location: classpath:/templates/ (please add some templates or check your Thymeleaf configuration)
2024-12-17 14:10:56 - Starting ProtocolHandler ["http-nio-8888"]
2024-12-17 14:10:56 - Tomcat started on port(s): 8888 (http) with context path ''
2024-12-17 14:10:56 - Started SmarthomeApplication in 15.274 seconds (JVM running for 16.236)
2024-12-17 14:10:56 - Flushing all data from Redis on application startup...
2024-12-17 14:11:48 - Starting SmarthomeApplication using Java 11.0.17 on DESKTOP-33SVC3J with PID 20592 (C:\Users\dsct\Documents\smarthome\build\classes\java\main started by dsct in C:\Users\dsct\Documents\smarthome)
2024-12-17 14:11:48 - No active profile set, falling back to 1 default profile: "default"
2024-12-17 14:11:53 - Multiple Spring Data modules found, entering strict repository configuration mode
2024-12-17 14:11:53 - Bootstrapping Spring Data Redis repositories in DEFAULT mode.
2024-12-17 14:11:53 - Finished Spring Data repository scanning in 21 ms. Found 0 Redis repository interfaces.
2024-12-17 14:11:53 - Multiple Spring Data modules found, entering strict repository configuration mode
2024-12-17 14:11:53 - Bootstrapping Spring Data Redis repositories in DEFAULT mode.
2024-12-17 14:11:53 - Finished Spring Data repository scanning in 29 ms. Found 0 Redis repository interfaces.
2024-12-17 14:11:57 - Tomcat initialized with port(s): 8888 (http)
2024-12-17 14:11:57 - Initializing ProtocolHandler ["http-nio-8888"]
2024-12-17 14:11:57 - Starting service [Tomcat]
2024-12-17 14:11:57 - Starting Servlet engine: [Apache Tomcat/9.0.64]
2024-12-17 14:11:58 - Initializing Spring embedded WebApplicationContext
2024-12-17 14:11:58 - Root WebApplicationContext: initialization completed in 8571 ms
2024-12-17 14:12:03 - ControllerAdvice beans: 0 @ModelAttribute, 0 @InitBinder, 1 RequestBodyAdvice, 1 ResponseBodyAdvice
2024-12-17 14:12:03 - 10 mappings in 'requestMappingHandlerMapping'
2024-12-17 14:12:03 - Patterns [/webjars/**, /**] in 'resourceHandlerMapping'
2024-12-17 14:12:03 - ControllerAdvice beans: 1 @ExceptionHandler, 1 ResponseBodyAdvice
2024-12-17 14:12:03 - Cannot find template location: classpath:/templates/ (please add some templates or check your Thymeleaf configuration)
2024-12-17 14:12:04 - Starting ProtocolHandler ["http-nio-8888"]
2024-12-17 14:12:04 - Tomcat started on port(s): 8888 (http) with context path ''
2024-12-17 14:12:04 - Started SmarthomeApplication in 18.867 seconds (JVM running for 21.417)
2024-12-17 14:12:04 - Flushing all data from Redis on application startup...
2024-12-17 14:12:07 - Flush complete.
